#
# A fatal error has been detected by the Java Runtime Environment:
#
#  EXCEPTION_ACCESS_VIOLATION (0xc0000005) at pc=0x000000006da2ce48, pid=8496, tid=10840
#
# JRE version: 6.0_34-b04
# Java VM: Java HotSpot(TM) 64-Bit Server VM (20.9-b04 mixed mode windows-amd64 compressed oops)
# Problematic frame:
# V  [jvm.dll+0x22ce48]
#
# If you would like to submit a bug report, please visit:
#   http://java.sun.com/webapps/bugreport/crash.jsp
#

---------------  T H R E A D  ---------------

Current thread (0x0000000002132000):  VMThread [stack: 0x0000000006a90000,0x0000000006b90000] [id=10840]

siginfo: ExceptionCode=0xc0000005, reading address 0x00000000000002d0

Registers:
RAX=0x00000000000002c0, RBX=0x00000007d7fcc3e0, RCX=0x00000000000002d0, RDX=0x00000007d7fcc3e0
RSP=0x0000000006b8fb20, RBP=0x000000000000000c, RSI=0x0000000002071670, RDI=0x0000000006b8fc10
R8 =0x000000077d0ee410, R9 =0x0000000000000000, R10=0x000000000000001e, R11=0x0000000000000001
R12=0x0000000002091e38, R13=0x0000000002091e38, R14=0x0000000002091e38, R15=0x0000000002132000
RIP=0x000000006da2ce48, EFLAGS=0x0000000000010206

Top of Stack: (sp=0x0000000006b8fb20)
0x0000000006b8fb20:   00000007d7fcc3c0 000000000000000c
0x0000000006b8fb30:   0000000002071670 0000000006b8fc10
0x0000000006b8fb40:   0000000002091e38 000000006da568dc
0x0000000006b8fb50:   000000077d564ab8 0000000000000000
0x0000000006b8fb60:   00000007d7fcc3e0 0000000006b8fc10
0x0000000006b8fb70:   0000000700000002 000000006dbd657e
0x0000000006b8fb80:   0000000002073930 0000000000000000
0x0000000006b8fb90:   0000000002091a50 0000000006b8fc10
0x0000000006b8fba0:   0000000002132000 000000006dbc1fb5
0x0000000006b8fbb0:   000000077d564ab8 000000000028442a
0x0000000006b8fbc0:   0000000006b8fc10 000000000210a8e0
0x0000000006b8fbd0:   0000000008bcda20 000000006da2bef8
0x0000000006b8fbe0:   0000000008bcda20 0000000000000000
0x0000000006b8fbf0:   0000000000225740 0000000008bcd9f0
0x0000000006b8fc00:   000000000000000c b0ad359300000000
0x0000000006b8fc10:   000000006ddf3660 00000000004c9400 

Instructions: (pc=0x000000006da2ce48)
0x000000006da2ce28:   74 16 8b 42 08 0f b6 0d 0c 94 4d 00 48 d3 e0 48
0x000000006da2ce38:   03 05 fa 93 4d 00 eb 04 48 8b 42 08 48 8d 48 10
0x000000006da2ce48:   48 8b 40 10 ff 90 10 01 00 00 84 c0 0f 85 3e 01
0x000000006da2ce58:   00 00 0f b6 05 0f eb 50 00 4c 8b 05 d8 93 4d 00 


Register to memory mapping:

RAX=0x00000000000002c0 is an unknown value
RBX=0x00000007d7fcc3e0 is an unknown value
RCX=0x00000000000002d0 is an unknown value
RDX=0x00000007d7fcc3e0 is an unknown value
RSP=0x0000000006b8fb20 is an unknown value
RBP=0x000000000000000c is an unknown value
RSI=0x0000000002071670 is an unknown value
RDI=0x0000000006b8fc10 is an unknown value
R8 =0x000000077d0ee410 is an oop
{instance class} 
 - klass: {other class}
R9 =0x0000000000000000 is an unknown value
R10=0x000000000000001e is an unknown value
R11=0x0000000000000001 is an unknown value
R12=0x0000000002091e38 is an unknown value
R13=0x0000000002091e38 is an unknown value
R14=0x0000000002091e38 is an unknown value
R15=0x0000000002132000 is an unknown value


Stack: [0x0000000006a90000,0x0000000006b90000],  sp=0x0000000006b8fb20,  free space=1022k
Native frames: (J=compiled Java code, j=interpreted, Vv=VM code, C=native code)
V  [jvm.dll+0x22ce48]

VM_Operation (0x0000000008bcda20): HeapDumper, mode: safepoint, requested by thread 0x0000000009e04800


---------------  P R O C E S S  ---------------

Java Threads: ( => current thread )
  0x0000000009e03000 JavaThread "SwingWorker-pool-2-thread-1" daemon [_thread_blocked, id=5648, stack(0x000000000bae0000,0x000000000bbe0000)]
  0x0000000009e04000 JavaThread "TimerQueue" daemon [_thread_blocked, id=3436, stack(0x000000000b9e0000,0x000000000bae0000)]
  0x0000000009e05800 JavaThread "Swing-Shell" daemon [_thread_blocked, id=5812, stack(0x0000000008ed0000,0x0000000008fd0000)]
  0x0000000009e04800 JavaThread "RMI TCP Connection(5)-10.8.241.208" daemon [_thread_blocked, id=8948, stack(0x0000000008ad0000,0x0000000008bd0000)]
  0x0000000009fcc800 JavaThread "RMI TCP Connection(3)-10.8.241.208" daemon [_thread_blocked, id=10572, stack(0x00000000088d0000,0x00000000089d0000)]
  0x0000000006ece000 JavaThread "RMI TCP Connection(8)-10.8.241.208" daemon [_thread_in_native, id=9504, stack(0x00000000087d0000,0x00000000088d0000)]
  0x0000000009d50800 JavaThread "JMX server connection timeout 20" daemon [_thread_blocked, id=8864, stack(0x00000000086d0000,0x00000000087d0000)]
  0x0000000009d65800 JavaThread "RMI Scheduler(0)" daemon [_thread_blocked, id=5304, stack(0x00000000085d0000,0x00000000086d0000)]
  0x000000000797e800 JavaThread "RMI TCP Accept-0" daemon [_thread_in_native, id=6532, stack(0x00000000083d0000,0x00000000084d0000)]
  0x00000000004cd000 JavaThread "DestroyJavaVM" [_thread_blocked, id=8876, stack(0x0000000001f70000,0x0000000002070000)]
  0x0000000007634800 JavaThread "AWT-EventQueue-0" [_thread_blocked, id=10300, stack(0x00000000091d0000,0x00000000092d0000)]
  0x0000000006edc000 JavaThread "AWT-Windows" daemon [_thread_in_native, id=10784, stack(0x00000000080f0000,0x00000000081f0000)]
  0x0000000006edb800 JavaThread "AWT-Shutdown" [_thread_blocked, id=11168, stack(0x0000000007ff0000,0x00000000080f0000)]
  0x0000000006f58800 JavaThread "Java2D Disposer" daemon [_thread_blocked, id=5428, stack(0x0000000007ef0000,0x0000000007ff0000)]
  0x0000000002162800 JavaThread "Low Memory Detector" daemon [_thread_blocked, id=7648, stack(0x0000000007390000,0x0000000007490000)]
  0x000000000215d800 JavaThread "C2 CompilerThread1" daemon [_thread_blocked, id=10400, stack(0x0000000007290000,0x0000000007390000)]
  0x0000000006db1000 JavaThread "C2 CompilerThread0" daemon [_thread_blocked, id=7472, stack(0x0000000007190000,0x0000000007290000)]
  0x0000000002157000 JavaThread "Attach Listener" daemon [_thread_blocked, id=2696, stack(0x0000000007090000,0x0000000007190000)]
  0x0000000006db0800 JavaThread "Signal Dispatcher" daemon [_thread_blocked, id=10640, stack(0x0000000006f90000,0x0000000007090000)]
  0x0000000002139000 JavaThread "Finalizer" daemon [_thread_blocked, id=8324, stack(0x0000000006c90000,0x0000000006d90000)]
  0x0000000002138000 JavaThread "Reference Handler" daemon [_thread_blocked, id=9792, stack(0x0000000006b90000,0x0000000006c90000)]

Other Threads:
=>0x0000000002132000 VMThread [stack: 0x0000000006a90000,0x0000000006b90000] [id=10840]
  0x0000000002168000 WatcherThread [stack: 0x0000000007490000,0x0000000007590000] [id=7804]

VM state:at safepoint (normal execution)

VM Mutex/Monitor currently owned by a thread:  ([mutex/lock_event])
[0x00000000004c9760] Threads_lock - owner thread: 0x0000000002132000
[0x00000000004c9be0] Heap_lock - owner thread: 0x0000000009e04800

Heap
 PSYoungGen      total 141056K, used 34264K [0x00000007d5eb0000, 0x00000007de8b0000, 0x0000000800000000)
  eden space 140800K, 24% used [0x00000007d5eb0000,0x00000007d7fee1f8,0x00000007de830000)
  from space 256K, 87% used [0x00000007de870000,0x00000007de8a8000,0x00000007de8b0000)
  to   space 256K, 0% used [0x00000007de830000,0x00000007de830000,0x00000007de870000)
 PSOldGen        total 120384K, used 71556K [0x0000000781c00000, 0x0000000789190000, 0x00000007d5eb0000)
  object space 120384K, 59% used [0x0000000781c00000,0x00000007861e1338,0x0000000789190000)
 PSPermGen       total 49984K, used 22423K [0x000000077ca00000, 0x000000077fad0000, 0x0000000781c00000)
  object space 49984K, 44% used [0x000000077ca00000,0x000000077dfe5e98,0x000000077fad0000)

Code Cache  [0x0000000002170000, 0x00000000024d0000, 0x0000000005170000)
 total_blobs=1459 nmethods=994 adapters=417 free_code_cache=46996800 largest_free_block=59136

Dynamic libraries:
0x0000000000400000 - 0x000000000042f000 	C:\Program Files\Java\jre6\bin\javaw.exe
0x00007ffbcc3b0000 - 0x00007ffbcc559000 	C:\WINDOWS\SYSTEM32\ntdll.dll
0x00007ffbcb8d0000 - 0x00007ffbcba09000 	C:\WINDOWS\system32\KERNEL32.DLL
0x00007ffbc9800000 - 0x00007ffbc990e000 	C:\WINDOWS\system32\KERNELBASE.dll
0x00007ffbc7920000 - 0x00007ffbc79ab000 	C:\WINDOWS\system32\apphelp.dll
0x00007ffbb8a60000 - 0x00007ffbb8aaf000 	C:\WINDOWS\AppPatch\AppPatch64\AcGenral.DLL
0x00007ffbcc110000 - 0x00007ffbcc1b7000 	C:\WINDOWS\system32\msvcrt.dll
0x00007ffbc9510000 - 0x00007ffbc953b000 	C:\WINDOWS\SYSTEM32\SspiCli.dll
0x00007ffbcba10000 - 0x00007ffbcba61000 	C:\WINDOWS\system32\SHLWAPI.dll
0x00007ffbcb4d0000 - 0x00007ffbcb641000 	C:\WINDOWS\system32\USER32.dll
0x00007ffbcba70000 - 0x00007ffbcbbe6000 	C:\WINDOWS\system32\ole32.dll
0x00007ffbca0b0000 - 0x00007ffbcb4bf000 	C:\WINDOWS\system32\SHELL32.dll
0x00007ffbc8c40000 - 0x00007ffbc8c5f000 	C:\WINDOWS\SYSTEM32\USERENV.dll
0x00007ffbc9d70000 - 0x00007ffbc9e15000 	C:\WINDOWS\system32\ADVAPI32.dll
0x00007ffbbcb50000 - 0x00007ffbbcb6b000 	C:\WINDOWS\SYSTEM32\MPR.dll
0x00007ffbc9ef0000 - 0x00007ffbca026000 	C:\WINDOWS\system32\RPCRT4.dll
0x00007ffbcbed0000 - 0x00007ffbcbf27000 	C:\WINDOWS\SYSTEM32\sechost.dll
0x00007ffbcbf30000 - 0x00007ffbcc107000 	C:\WINDOWS\SYSTEM32\combase.dll
0x00007ffbcc260000 - 0x00007ffbcc3a5000 	C:\WINDOWS\system32\GDI32.dll
0x00007ffbc9730000 - 0x00007ffbc9744000 	C:\WINDOWS\SYSTEM32\profapi.dll
0x00007ffbc93e0000 - 0x00007ffbc9481000 	C:\WINDOWS\SYSTEM32\SHCORE.dll
0x00007ffbcc220000 - 0x00007ffbcc254000 	C:\WINDOWS\system32\IMM32.DLL
0x00007ffbcbd90000 - 0x00007ffbcbec8000 	C:\WINDOWS\system32\MSCTF.dll
0x000000006d800000 - 0x000000006dfb9000 	C:\Program Files\Java\jre6\bin\server\jvm.dll
0x00007ffbc1ab0000 - 0x00007ffbc1acf000 	C:\WINDOWS\SYSTEM32\WINMM.dll
0x00007ffbc1a80000 - 0x00007ffbc1aaa000 	C:\WINDOWS\SYSTEM32\WINMMBASE.dll
0x00007ffbc9910000 - 0x00007ffbc995a000 	C:\WINDOWS\SYSTEM32\cfgmgr32.dll
0x00007ffbc7b70000 - 0x00007ffbc7b96000 	C:\WINDOWS\SYSTEM32\DEVOBJ.dll
0x000000006d770000 - 0x000000006d77e000 	C:\Program Files\Java\jre6\bin\verify.dll
0x000000006d3b0000 - 0x000000006d3d7000 	C:\Program Files\Java\jre6\bin\java.dll
0x000000006d7c0000 - 0x000000006d7d2000 	C:\Program Files\Java\jre6\bin\zip.dll
0x000000006d000000 - 0x000000006d1c4000 	C:\Program Files\Java\jre6\bin\awt.dll
0x00007ffbc32e0000 - 0x00007ffbc335b000 	C:\WINDOWS\SYSTEM32\WINSPOOL.DRV
0x00007ffbc86e0000 - 0x00007ffbc893a000 	C:\WINDOWS\WinSxS\amd64_microsoft.windows.common-controls_6595b64144ccf1df_6.0.9600.16384_none_62475f7becb72503\COMCTL32.dll
0x00007ffbc74a0000 - 0x00007ffbc74c1000 	C:\WINDOWS\system32\DWMAPI.DLL
0x00007ffbc79f0000 - 0x00007ffbc7b12000 	C:\WINDOWS\system32\uxtheme.dll
0x00007ffbc0790000 - 0x00007ffbc0828000 	C:\Program Files\Common Files\microsoft shared\ink\tiptsf.dll
0x00007ffbc9cb0000 - 0x00007ffbc9d67000 	C:\WINDOWS\system32\OLEAUT32.dll
0x00007ffbc7910000 - 0x00007ffbc791a000 	C:\WINDOWS\SYSTEM32\kernel.appcore.dll
0x00007ffbc95a0000 - 0x00007ffbc95aa000 	C:\WINDOWS\SYSTEM32\CRYPTBASE.dll
0x00007ffbc9540000 - 0x00007ffbc959e000 	C:\WINDOWS\SYSTEM32\bcryptPrimitives.dll
0x000000006d2a0000 - 0x000000006d307000 	C:\Program Files\Java\jre6\bin\fontmanager.dll
0x000000006d610000 - 0x000000006d627000 	C:\Program Files\Java\jre6\bin\net.dll
0x00007ffbca050000 - 0x00007ffbca0a8000 	C:\WINDOWS\system32\WS2_32.dll
0x00007ffbca030000 - 0x00007ffbca039000 	C:\WINDOWS\system32\NSI.dll
0x00007ffbc8e90000 - 0x00007ffbc8ee8000 	C:\WINDOWS\system32\mswsock.dll
0x000000006d630000 - 0x000000006d63b000 	C:\Program Files\Java\jre6\bin\nio.dll
0x00007ffbc5280000 - 0x00007ffbc52e3000 	C:\WINDOWS\SYSTEM32\oleacc.dll
0x00007ffbc9e20000 - 0x00007ffbc9ec4000 	C:\WINDOWS\SYSTEM32\clbcatq.dll
0x000000006d360000 - 0x000000006d380000 	C:\Program Files\Java\jre6\bin\instrument.dll
0x00007ffbc8ca0000 - 0x00007ffbc8d43000 	C:\WINDOWS\SYSTEM32\DNSAPI.dll
0x00007ffbbf290000 - 0x00007ffbbf299000 	C:\Windows\System32\rasadhlp.dll
0x00007ffbc2d00000 - 0x00007ffbc2d67000 	C:\WINDOWS\System32\fwpuclnt.dll
0x000000006d550000 - 0x000000006d55a000 	C:\Program Files\Java\jre6\bin\management.dll
0x00007ffbc8ef0000 - 0x00007ffbc8f0e000 	C:\WINDOWS\SYSTEM32\CRYPTSP.dll
0x00007ffbc8b30000 - 0x00007ffbc8b65000 	C:\WINDOWS\system32\rsaenh.dll
0x00007ffbc9120000 - 0x00007ffbc9146000 	C:\WINDOWS\SYSTEM32\bcrypt.dll
0x00007ffbbef50000 - 0x00007ffbbef64000 	C:\WINDOWS\system32\napinsp.dll
0x00007ffbbefc0000 - 0x00007ffbbefd9000 	C:\WINDOWS\system32\pnrpnsp.dll
0x00007ffbc3920000 - 0x00007ffbc3939000 	C:\WINDOWS\system32\NLAapi.dll
0x00007ffbbf030000 - 0x00007ffbbf03c000 	C:\WINDOWS\System32\winrnr.dll
0x00007ffbbf190000 - 0x00007ffbbf1a3000 	C:\WINDOWS\system32\wshbth.dll
0x00007ffbc3530000 - 0x00007ffbc3559000 	C:\WINDOWS\SYSTEM32\IPHLPAPI.DLL
0x00007ffbc3520000 - 0x00007ffbc352a000 	C:\WINDOWS\SYSTEM32\WINNSI.DLL
0x00007ffbc2c90000 - 0x00007ffbc2ca4000 	C:\WINDOWS\SYSTEM32\dhcpcsvc6.DLL
0x00007ffbc2cc0000 - 0x00007ffbc2cd9000 	C:\WINDOWS\SYSTEM32\dhcpcsvc.DLL
0x000000006d6b0000 - 0x000000006d6b6000 	C:\Program Files\Java\jre6\bin\rmi.dll
0x00007ffbcb4c0000 - 0x00007ffbcb4c7000 	C:\WINDOWS\system32\PSAPI.DLL
0x00007ffbc4260000 - 0x00007ffbc43c4000 	C:\WINDOWS\SYSTEM32\PROPSYS.dll
0x00007ffba8420000 - 0x00007ffba85bc000 	C:\WINDOWS\system32\NetworkExplorer.dll
0x00007ffbcb650000 - 0x00007ffbcb826000 	C:\WINDOWS\system32\SETUPAPI.dll
0x00007ffbc0cb0000 - 0x00007ffbc0cbb000 	C:\WINDOWS\System32\drprov.dll
0x00007ffbc95b0000 - 0x00007ffbc9607000 	C:\WINDOWS\System32\WINSTA.dll
0x00007ffbbd3e0000 - 0x00007ffbbd3f5000 	C:\WINDOWS\System32\ntlanman.dll
0x00007ffbb9f30000 - 0x00007ffbb9f4f000 	C:\WINDOWS\System32\davclnt.dll
0x00007ffbbe940000 - 0x00007ffbbe94b000 	C:\WINDOWS\System32\DAVHLPR.dll
0x00007ffbc93c0000 - 0x00007ffbc93d6000 	C:\WINDOWS\System32\wkscli.dll
0x00007ffbbeed0000 - 0x00007ffbbeee0000 	C:\WINDOWS\SYSTEM32\cscapi.dll
0x00007ffbc93b0000 - 0x00007ffbc93bc000 	C:\WINDOWS\System32\netutils.dll
0x00007ffba7170000 - 0x00007ffba71e5000 	C:\Windows\System32\dlnashext.dll
0x00007ffbb8b40000 - 0x00007ffbb8b87000 	C:\Windows\System32\PlayToDevice.dll
0x00007ffbbe5b0000 - 0x00007ffbbe5cc000 	C:\Windows\System32\DevDispItemProvider.dll
0x00007ffbbce80000 - 0x00007ffbbd130000 	C:\Windows\System32\actxprxy.dll
0x00007ffbc86a0000 - 0x00007ffbc86dd000 	C:\WINDOWS\System32\netprofm.dll
0x00007ffbbec70000 - 0x00007ffbbec7e000 	C:\WINDOWS\System32\npmproxy.dll
0x00007ffbb87e0000 - 0x00007ffbb89cf000 	C:\WINDOWS\system32\wpdshext.dll
0x00007ffbcbbf0000 - 0x00007ffbcbd88000 	C:\WINDOWS\WinSxS\amd64_microsoft.windows.gdiplus_6595b64144ccf1df_1.1.9600.16384_none_9332526147499ed1\gdiplus.dll
0x00007ffbbea60000 - 0x00007ffbbeb06000 	C:\Windows\System32\PortableDeviceApi.dll
0x00007ffbc9960000 - 0x00007ffbc99ae000 	C:\WINDOWS\system32\WINTRUST.dll
0x00007ffbc9a60000 - 0x00007ffbc9c37000 	C:\WINDOWS\system32\CRYPT32.dll
0x00007ffbc97e0000 - 0x00007ffbc97f2000 	C:\WINDOWS\system32\MSASN1.dll
0x00007ffbb7960000 - 0x00007ffbb7996000 	C:\Windows\System32\EhStorShell.dll
0x00007ffbb8a30000 - 0x00007ffbb8a55000 	C:\Windows\System32\EhStorAPI.dll
0x00007ffbc6f20000 - 0x00007ffbc6f31000 	C:\Windows\System32\WTSAPI32.dll
0x000000006d210000 - 0x000000006d238000 	C:\Program Files\Java\jre6\bin\dcpr.dll

VM Arguments:
jvm_args: -Dfile.encoding=Cp1252 
java_command: edu.stanford.genetics.treeview.app.LinkedViewApp
Launcher Type: SUN_STANDARD

Environment Variables:
PATH=C:\Program Files (x86)\Intel\iCLS Client\;C:\Program Files\Intel\iCLS Client\;C:\WINDOWS\system32;C:\WINDOWS;C:\WINDOWS\System32\Wbem;C:\WINDOWS\System32\WindowsPowerShell\v1.0\;C:\Program Files (x86)\Intel\OpenCL SDK\2.0\bin\x86;C:\Program Files (x86)\Intel\OpenCL SDK\2.0\bin\x64;C:\Program Files (x86)\ATI Technologies\ATI.ACE\Core-Static;C:\Program Files\Condusiv Technologies\IntelliMemory\;C:\Program Files (x86)\Windows Live\Shared;C:\Program Files\Intel\WiFi\bin\;C:\Program Files\Common Files\Intel\WirelessCommon\;C:\Program Files\Intel\Intel(R) Management Engine Components\DAL;C:\Program Files\Intel\Intel(R) Management Engine Components\IPT;C:\Program Files (x86)\Intel\Intel(R) Management Engine Components\DAL;C:\Program Files (x86)\Intel\Intel(R) Management Engine Components\IPT;C:\Program Files\Intel\WiFi\bin\;C:\Program Files\Common Files\Intel\WirelessCommon\
USERNAME=CKeil
OS=Windows_NT
PROCESSOR_IDENTIFIER=Intel64 Family 6 Model 58 Stepping 9, GenuineIntel



---------------  S Y S T E M  ---------------

OS: Windows NT 6.2 Build 9200 

CPU:total 8 (4 cores per cpu, 2 threads per core) family 6 model 58 stepping 9, cmov, cx8, fxsr, mmx, sse, sse2, sse3, ssse3, sse4.1, sse4.2, popcnt, ht

Memory: 4k page, physical 8270628k(4193176k free), swap 16659240k(10409620k free)

vm_info: Java HotSpot(TM) 64-Bit Server VM (20.9-b04) for windows-amd64 JRE (1.6.0_34-b04), built on Jul 19 2012 00:49:04 by "java_re" with MS VC++ 8.0 (VS2005)

time: Wed Mar 05 12:06:13 2014
elapsed time: 886 seconds

