10337589
11321628
11321636
11342670
11415040
11496281
11545747
11545839
13173471
13540535
13775595
13775597
13994276
14042984
14550407
14602453
14602457
14602459
14702169
15451940
15529990
15529992
15559207
17446387
17454948
17459341
17487950
18558817
18579743
18585806
18586465
18590905
18594305
20302141
20302143
20302145
20302147
20452472
20483795
20484620
20543926
20546452
20557227
20562290
21264357
21264359
21264361
21264363
21361298
21464127
21464129
21464131
21536452
21614531
21614533
21618357
22041225
22041897
22041899
22042379
22042515
22042521
22043721
22046681
22047169
22047173
22047619
22048333
22061605
22062232
22065227
22067245
22068484
22068489
22068493
4501877
4502173
4502397
4502493
4502495
4502907
4503135
4503137
4503149
4503309
4503549
4503627
4503629
4504235
4504383
4504481
4504579
4504875
4504877
4505861
4506121
4506143
4506145
4506147
4506151
4506153
4506155
4506157
4507661
4758494
4758502
4758508
4758960
4826762
4826950
4885369
5031829
5453676
5729989
5803197
5803199
6005844
6679625
6912644
6912728
7019563
7382458
7661558
7705648
7706083
9665236
9961353
M19923200
M20428775
M4506149
M5031683
M5729915
